{"name": "test_verify_checkout_your_info_page_title[chrome]", "status": "broken", "statusDetails": {"message": "selenium.common.exceptions.TimeoutException: Message:", "trace": "self = <Tests.test_CheckoutYourInfoPage.Test_CheckoutYourInfoPage object at 0x0000015BA12F4B20>\n\n    @pytest.mark.order()\n    def test_verify_checkout_your_info_page_title(self):\n        self.loginPage = LoginPage(self.driver)\n        homePage = self.loginPage.do_login()\n        self.homePage = HomePage(self.driver)\n        homePage.do_shopping()\n        homePage.click_on_cart_icon()\n        self.addToCart = AddToCartPage(self.driver)\n        self.addToCart.do_click_checkout_button()\n        self.checkInfo = CheckoutYourInfoPage(self.driver)\n>       title = self.checkInfo.get_title(TestData.CHECKOUT_YOUR_INFO_TITLE)\n\nTests\\test_CheckoutYourInfoPage.py:28: \n_ _ _ _ _ _ _ _ _ _ _ _ _ _ _ _ _ _ _ _ _ _ _ _ _ _ _ _ _ _ _ _ _ _ _ _ _ _ _ _\nPages\\BasePage.py:27: in get_title\n    WebDriverWait(self.driver, 10).until(EC.title_is(title))\n_ _ _ _ _ _ _ _ _ _ _ _ _ _ _ _ _ _ _ _ _ _ _ _ _ _ _ _ _ _ _ _ _ _ _ _ _ _ _ _\n\nself = <selenium.webdriver.support.wait.WebDriverWait (session=\"ebf8344ad7f1fd725d2c3946daf57baf\")>\nmethod = <selenium.webdriver.support.expected_conditions.title_is object at 0x0000015BA1353610>\nmessage = ''\n\n    def until(self, method, message=''):\n        \"\"\"Calls the method provided with the driver as an argument until the \\\n        return value is not False.\"\"\"\n        screen = None\n        stacktrace = None\n    \n        end_time = time.time() + self._timeout\n        while True:\n            try:\n                value = method(self._driver)\n                if value:\n                    return value\n            except self._ignored_exceptions as exc:\n                screen = getattr(exc, 'screen', None)\n                stacktrace = getattr(exc, 'stacktrace', None)\n            time.sleep(self._poll)\n            if time.time() > end_time:\n                break\n>       raise TimeoutException(message, screen, stacktrace)\nE       selenium.common.exceptions.TimeoutException: Message:\n\n..\\..\\AppData\\Local\\Programs\\Python\\Python310\\lib\\site-packages\\selenium\\webdriver\\support\\wait.py:80: TimeoutException"}, "attachments": [{"name": "log", "source": "c3178c5c-ba49-453d-8393-6f63710fc9e0-attachment.txt", "type": "text/plain"}, {"name": "stderr", "source": "ad40f856-20c2-4c90-bb1b-35f6984e75bd-attachment.txt", "type": "text/plain"}], "parameters": [{"name": "init_driver", "value": "'chrome'"}], "start": 1649167593338, "stop": 1649167606415, "uuid": "19f5cc47-8ea3-4630-9c02-996c5f186758", "historyId": "dd98a8b56c1d561ad677ea56cec9a9ae", "testCaseId": "b7acb92499014ff70b52dde0333b34be", "fullName": "Tests.test_CheckoutYourInfoPage.Test_CheckoutYourInfoPage#test_verify_checkout_your_info_page_title", "labels": [{"name": "tag", "value": "order"}, {"name": "tag", "value": "@pytest.mark.usefixtures('init_driver')"}, {"name": "parentSuite", "value": "Tests"}, {"name": "suite", "value": "test_CheckoutYourInfoPage"}, {"name": "subSuite", "value": "Test_CheckoutYourInfoPage"}, {"name": "host", "value": "MSDT120"}, {"name": "thread", "value": "35472-MainThread"}, {"name": "framework", "value": "pytest"}, {"name": "language", "value": "cpython3"}, {"name": "package", "value": "Tests.test_CheckoutYourInfoPage"}]}