{"name": "test_verify_checkout_overview_page_title[chrome]", "status": "broken", "statusDetails": {"message": "selenium.common.exceptions.TimeoutException: Message:", "trace": "self = <Tests.test_CheckoutOverviewPage.Test_CheckoutOverviewPage object at 0x000002154D110070>\n\n    @pytest.mark.order()\n    def test_verify_checkout_overview_page_title(self):\n        self.loginPage = LoginPage(self.driver)\n        homePage = self.loginPage.do_login()\n        self.homePage = HomePage(self.driver)\n        homePage.do_shopping()\n        homePage.click_on_cart_icon()\n        self.addToCart = AddToCartPage(self.driver)\n        self.addToCart.do_click_checkout_button()\n        self.checkInfo = CheckoutYourInfoPage(self.driver)\n        self.checkInfo.do_enter_your_info()\n>       self.checkInfo.do_click(Locators.CONTINUE_BUTTON)\n\nTests\\test_CheckoutOverviewPage.py:31: \n_ _ _ _ _ _ _ _ _ _ _ _ _ _ _ _ _ _ _ _ _ _ _ _ _ _ _ _ _ _ _ _ _ _ _ _ _ _ _ _\nPages\\BasePage.py:13: in do_click\n    WebDriverWait(self.driver, 10).until(EC.visibility_of_element_located(by_locator)).click()\n_ _ _ _ _ _ _ _ _ _ _ _ _ _ _ _ _ _ _ _ _ _ _ _ _ _ _ _ _ _ _ _ _ _ _ _ _ _ _ _\n\nself = <selenium.webdriver.support.wait.WebDriverWait (session=\"3d901227d63a30df8d1b2a23bc6402f5\")>\nmethod = <selenium.webdriver.support.expected_conditions.visibility_of_element_located object at 0x000002154D1AB670>\nmessage = ''\n\n    def until(self, method, message=''):\n        \"\"\"Calls the method provided with the driver as an argument until the \\\n        return value is not False.\"\"\"\n        screen = None\n        stacktrace = None\n    \n        end_time = time.time() + self._timeout\n        while True:\n            try:\n                value = method(self._driver)\n                if value:\n                    return value\n            except self._ignored_exceptions as exc:\n                screen = getattr(exc, 'screen', None)\n                stacktrace = getattr(exc, 'stacktrace', None)\n            time.sleep(self._poll)\n            if time.time() > end_time:\n                break\n>       raise TimeoutException(message, screen, stacktrace)\nE       selenium.common.exceptions.TimeoutException: Message:\n\n..\\..\\AppData\\Local\\Programs\\Python\\Python310\\lib\\site-packages\\selenium\\webdriver\\support\\wait.py:80: TimeoutException"}, "attachments": [{"name": "log", "source": "ab17b4bb-6aca-489b-a318-b8fc1cf1b869-attachment.txt", "type": "text/plain"}, {"name": "stderr", "source": "be4236ec-af54-4da6-bee8-f736b84f5065-attachment.txt", "type": "text/plain"}], "parameters": [{"name": "init_driver", "value": "'chrome'"}], "start": 1649167598141, "stop": 1649167617818, "uuid": "e174fc2e-d70a-45d7-a9f6-c5f01c048fcb", "historyId": "9f35a02f1fc8d48f19aec339187a3d69", "testCaseId": "8f030198cb54e7c69165cb70a92a4c78", "fullName": "Tests.test_CheckoutOverviewPage.Test_CheckoutOverviewPage#test_verify_checkout_overview_page_title", "labels": [{"name": "tag", "value": "order"}, {"name": "tag", "value": "@pytest.mark.usefixtures('init_driver')"}, {"name": "parentSuite", "value": "Tests"}, {"name": "suite", "value": "test_CheckoutOverviewPage"}, {"name": "subSuite", "value": "Test_CheckoutOverviewPage"}, {"name": "host", "value": "MSDT120"}, {"name": "thread", "value": "33508-MainThread"}, {"name": "framework", "value": "pytest"}, {"name": "language", "value": "cpython3"}, {"name": "package", "value": "Tests.test_CheckoutOverviewPage"}]}