{"name": "test_verify_click_on_finish_button[chrome]", "status": "broken", "statusDetails": {"message": "selenium.common.exceptions.TimeoutException: Message:", "trace": "self = <Tests.test_CheckoutOverviewPage.Test_CheckoutOverviewPage object at 0x0000024EB53D0100>\n\n    @pytest.mark.order()\n    def test_verify_click_on_finish_button(self):\n        self.loginPage = LoginPage(self.driver)\n        homePage = self.loginPage.do_login()\n        self.homePage = HomePage(self.driver)\n        homePage.do_shopping()\n        homePage.click_on_cart_icon()\n        self.addToCart = AddToCartPage(self.driver)\n        self.addToCart.do_click_checkout_button()\n        self.checkInfo = CheckoutYourInfoPage(self.driver)\n        self.checkInfo.do_enter_your_info()\n>       self.checkInfo.do_click(Locators.CONTINUE_BUTTON)\n\nTests\\test_CheckoutOverviewPage.py:48: \n_ _ _ _ _ _ _ _ _ _ _ _ _ _ _ _ _ _ _ _ _ _ _ _ _ _ _ _ _ _ _ _ _ _ _ _ _ _ _ _\nPages\\BasePage.py:13: in do_click\n    WebDriverWait(self.driver, 10).until(EC.visibility_of_element_located(by_locator)).click()\n_ _ _ _ _ _ _ _ _ _ _ _ _ _ _ _ _ _ _ _ _ _ _ _ _ _ _ _ _ _ _ _ _ _ _ _ _ _ _ _\n\nself = <selenium.webdriver.support.wait.WebDriverWait (session=\"fc2c875e2006d985a6648ba54cc28eea\")>\nmethod = <selenium.webdriver.support.expected_conditions.visibility_of_element_located object at 0x0000024EB546B610>\nmessage = ''\n\n    def until(self, method, message=''):\n        \"\"\"Calls the method provided with the driver as an argument until the \\\n        return value is not False.\"\"\"\n        screen = None\n        stacktrace = None\n    \n        end_time = time.time() + self._timeout\n        while True:\n            try:\n                value = method(self._driver)\n                if value:\n                    return value\n            except self._ignored_exceptions as exc:\n                screen = getattr(exc, 'screen', None)\n                stacktrace = getattr(exc, 'stacktrace', None)\n            time.sleep(self._poll)\n            if time.time() > end_time:\n                break\n>       raise TimeoutException(message, screen, stacktrace)\nE       selenium.common.exceptions.TimeoutException: Message:\n\n..\\..\\AppData\\Local\\Programs\\Python\\Python310\\lib\\site-packages\\selenium\\webdriver\\support\\wait.py:80: TimeoutException"}, "attachments": [{"name": "log", "source": "b319adc1-ad89-451f-9ca6-75386c803597-attachment.txt", "type": "text/plain"}, {"name": "stderr", "source": "9982c2d0-0560-418a-98e3-62b523b9c8dd-attachment.txt", "type": "text/plain"}], "parameters": [{"name": "init_driver", "value": "'chrome'"}], "start": 1649167603290, "stop": 1649167620377, "uuid": "1c54c5c2-089e-44a0-af3e-1ed18fdfafff", "historyId": "7a72a9bc112eea948d0a2ed47328f54e", "testCaseId": "f364fc534b37cb0a3f772273636077bc", "fullName": "Tests.test_CheckoutOverviewPage.Test_CheckoutOverviewPage#test_verify_click_on_finish_button", "labels": [{"name": "tag", "value": "order"}, {"name": "tag", "value": "@pytest.mark.usefixtures('init_driver')"}, {"name": "parentSuite", "value": "Tests"}, {"name": "suite", "value": "test_CheckoutOverviewPage"}, {"name": "subSuite", "value": "Test_CheckoutOverviewPage"}, {"name": "host", "value": "MSDT120"}, {"name": "thread", "value": "15532-MainThread"}, {"name": "framework", "value": "pytest"}, {"name": "language", "value": "cpython3"}, {"name": "package", "value": "Tests.test_CheckoutOverviewPage"}]}